{
  "numFailedTestSuites": 0,
  "numFailedTests": 0,
  "numPassedTestSuites": 1,
  "numPassedTests": 6,
  "numPendingTestSuites": 0,
  "numPendingTests": 0,
  "numRuntimeErrorTestSuites": 0,
  "numTodoTests": 0,
  "numTotalTestSuites": 1,
  "numTotalTests": 6,
  "openHandles": [],
  "snapshot": {
    "added": 0,
    "didUpdate": false,
    "failure": false,
    "filesAdded": 0,
    "filesRemoved": 0,
    "filesRemovedList": [],
    "filesUnmatched": 0,
    "filesUpdated": 0,
    "matched": 0,
    "total": 0,
    "unchecked": 0,
    "uncheckedKeysByFile": [],
    "unmatched": 0,
    "updated": 0
  },
  "startTime": 1640701191787,
  "success": false,
  "testResults": [
    {
      "leaks": false,
      "numFailingTests": 0,
      "numPassingTests": 6,
      "numPendingTests": 0,
      "numTodoTests": 0,
      "openHandles": [],
      "perfStats": {
        "end": 1640701192689,
        "runtime": 827,
        "slow": false,
        "start": 1640701191862
      },
      "skipped": false,
      "snapshot": {
        "added": 0,
        "fileDeleted": false,
        "matched": 0,
        "unchecked": 0,
        "uncheckedKeys": [],
        "unmatched": 0,
        "updated": 0
      },
      "testFilePath": "/Users/wohaijun/Downloads/API_backend_demo/__test__/getUsers.test.js",
      "testResults": [
        {
          "ancestorTitles": [
            "POST a new userA request"
          ],
          "duration": 89,
          "failureDetails": [],
          "failureMessages": [],
          "fullName": "POST a new userA request Create user data",
          "invocations": 1,
          "location": null,
          "numPassingAsserts": 0,
          "status": "passed",
          "title": "Create user data"
        },
        {
          "ancestorTitles": [
            "POST a new userB request"
          ],
          "duration": 23,
          "failureDetails": [],
          "failureMessages": [],
          "fullName": "POST a new userB request Create user data",
          "invocations": 1,
          "location": null,
          "numPassingAsserts": 0,
          "status": "passed",
          "title": "Create user data"
        },
        {
          "ancestorTitles": [
            "POST a userA following userB request"
          ],
          "duration": 14,
          "failureDetails": [],
          "failureMessages": [],
          "fullName": "POST a userA following userB request Create following request",
          "invocations": 1,
          "location": null,
          "numPassingAsserts": 0,
          "status": "passed",
          "title": "Create following request"
        },
        {
          "ancestorTitles": [
            "GET distance between userA and userB"
          ],
          "duration": 15,
          "failureDetails": [],
          "failureMessages": [],
          "fullName": "GET distance between userA and userB Create request to get distance between nearby friends",
          "invocations": 1,
          "location": null,
          "numPassingAsserts": 0,
          "status": "passed",
          "title": "Create request to get distance between nearby friends"
        },
        {
          "ancestorTitles": [
            "POST a userA unfollowing userB request"
          ],
          "duration": 19,
          "failureDetails": [],
          "failureMessages": [],
          "fullName": "POST a userA unfollowing userB request Create unfollowing request",
          "invocations": 1,
          "location": null,
          "numPassingAsserts": 0,
          "status": "passed",
          "title": "Create unfollowing request"
        },
        {
          "ancestorTitles": [
            "GET users request"
          ],
          "duration": 13,
          "failureDetails": [],
          "failureMessages": [],
          "fullName": "GET users request Get userList data",
          "invocations": 1,
          "location": null,
          "numPassingAsserts": 0,
          "status": "passed",
          "title": "Get userList data"
        }
      ],
      "failureMessage": null
    }
  ],
  "wasInterrupted": false,
  "coverageMap": {
    "/Users/wohaijun/Downloads/API_backend_demo/common_test.js": {
      "path": "/Users/wohaijun/Downloads/API_backend_demo/common_test.js",
      "statementMap": {
        "0": {
          "start": {
            "line": 1,
            "column": 16
          },
          "end": {
            "line": 1,
            "column": 36
          }
        },
        "1": {
          "start": {
            "line": 2,
            "column": 16
          },
          "end": {
            "line": 2,
            "column": 51
          }
        },
        "2": {
          "start": {
            "line": 14,
            "column": 0
          },
          "end": {
            "line": 18,
            "column": 1
          }
        }
      },
      "fnMap": {},
      "branchMap": {},
      "s": {
        "0": 1,
        "1": 1,
        "2": 1
      },
      "f": {},
      "b": {},
      "_coverageSchema": "1a1c01bbd47fc00a2c39e90264f33305004495a9",
      "hash": "221f8f430bd0bce63a088dfe454cfa8999dce113"
    }
  }
}